[2022-02-19 02:44:10] [INFO]:     Servido iniciado
[2022-02-19 02:44:10] [ERROR]:    
[2022-02-19 02:46:33] [INFO]:     Servido iniciado
[2022-02-19 02:50:13] [INFO]:     ./pages/welcome.php
[2022-02-19 02:51:47] [INFO]:     Array
[2022-02-19 02:51:47] [INFO]:     Array
[2022-02-19 02:51:47] [INFO]:     ./pages/welcome.php
[2022-02-19 02:53:02] [INFO]:     []
[2022-02-19 02:53:02] [INFO]:     {"uri":"\/","file":".\/pages\/welcome.php"}
[2022-02-19 02:53:02] [INFO]:     ./pages/welcome.php
[2022-02-19 02:54:03] [INFO]:     []
[2022-02-19 02:54:03] [INFO]:     {"uri":"\/","file":".\/pages\/welcome.php"}
[2022-02-19 02:54:03] [INFO]:     ./pages/welcome.php
[2022-02-19 02:55:52] [INFO]:     /
[2022-02-19 02:55:52] [INFO]:     []
[2022-02-19 02:55:52] [INFO]:     {"uri":"\/","file":".\/pages\/welcome.php"}
[2022-02-19 02:55:52] [INFO]:     ./pages/welcome.php
[2022-02-19 02:56:21] [INFO]:     /seleca
[2022-02-19 02:56:21] [INFO]:     []
[2022-02-19 02:56:21] [INFO]:     []
[2022-02-19 02:56:27] [INFO]:     /selecao
[2022-02-19 02:56:27] [INFO]:     {"uri":"\/selecao","file":".\/pages\/selecao.php"}
[2022-02-19 02:56:27] [INFO]:     {"uri":"\/selecao","file":".\/pages\/selecao.php"}
[2022-02-19 02:56:27] [INFO]:     ./pages/selecao.php
[2022-02-19 02:57:33] [INFO]:     /selecao
[2022-02-19 02:57:33] [INFO]:     ./pages/selecao.php
[2022-02-19 02:57:37] [INFO]:     /
[2022-02-19 02:57:37] [INFO]:     []
[2022-02-19 02:57:37] [INFO]:     ./pages/welcome.php
[2022-02-19 02:57:45] [INFO]:     /selecao
[2022-02-19 02:57:45] [INFO]:     ./pages/selecao.php
[2022-02-19 02:58:27] [INFO]:     /
[2022-02-19 02:58:27] [INFO]:     []
[2022-02-19 02:58:27] [INFO]:     ./pages/welcome.php
[2022-02-19 03:02:13] [INFO]:     []
[2022-02-19 03:02:13] [INFO]:     ./pages/welcome.php
